{"/media/amanda/Linux2/ProjetosF4/amanda_rangel/semana10/aula3/Planner/src/index.js": {"path":"/media/amanda/Linux2/ProjetosF4/amanda_rangel/semana10/aula3/Planner/src/index.js","statementMap":{"0":{"start":{"line":5,"column":20},"end":{"line":5,"column":51}},"1":{"start":{"line":6,"column":0},"end":{"line":6,"column":38}}},"fnMap":{},"branchMap":{},"s":{"0":0,"1":0},"f":{},"b":{},"hash":"560bc54579910940732b9e47200180329280e189"}
,"/media/amanda/Linux2/ProjetosF4/amanda_rangel/semana10/aula3/Planner/src/Components/WeekDayPicker.js": {"path":"/media/amanda/Linux2/ProjetosF4/amanda_rangel/semana10/aula3/Planner/src/Components/WeekDayPicker.js","statementMap":{"0":{"start":{"line":4,"column":21},"end":{"line":33,"column":5}},"1":{"start":{"line":35,"column":33},"end":{"line":45,"column":5}},"2":{"start":{"line":36,"column":6},"end":{"line":44,"column":8}}},"fnMap":{"0":{"name":"(anonymous_0)","decl":{"start":{"line":35,"column":33},"end":{"line":35,"column":34}},"loc":{"start":{"line":35,"column":42},"end":{"line":45,"column":5}},"line":35}},"branchMap":{},"s":{"0":0,"1":0,"2":0},"f":{"0":0},"b":{},"hash":"1ed87a0cbfa612709641c6575146c119ab78f2c6"}
,"/media/amanda/Linux2/ProjetosF4/amanda_rangel/semana10/aula3/Planner/src/actions/tasks/index.js": {"path":"/media/amanda/Linux2/ProjetosF4/amanda_rangel/semana10/aula3/Planner/src/actions/tasks/index.js","statementMap":{"0":{"start":{"line":4,"column":24},"end":{"line":9,"column":2}},"1":{"start":{"line":4,"column":34},"end":{"line":9,"column":1}},"2":{"start":{"line":11,"column":29},"end":{"line":18,"column":1}},"3":{"start":{"line":11,"column":44},"end":{"line":18,"column":1}},"4":{"start":{"line":12,"column":15},"end":{"line":12,"column":26}},"5":{"start":{"line":13,"column":19},"end":{"line":13,"column":50}},"6":{"start":{"line":15,"column":2},"end":{"line":17,"column":3}},"7":{"start":{"line":16,"column":4},"end":{"line":16,"column":30}},"8":{"start":{"line":20,"column":29},"end":{"line":23,"column":1}},"9":{"start":{"line":20,"column":35},"end":{"line":23,"column":1}},"10":{"start":{"line":21,"column":19},"end":{"line":21,"column":43}},"11":{"start":{"line":22,"column":2},"end":{"line":22,"column":36}}},"fnMap":{"0":{"name":"(anonymous_0)","decl":{"start":{"line":4,"column":24},"end":{"line":4,"column":25}},"loc":{"start":{"line":4,"column":34},"end":{"line":9,"column":1}},"line":4},"1":{"name":"(anonymous_1)","decl":{"start":{"line":11,"column":29},"end":{"line":11,"column":30}},"loc":{"start":{"line":11,"column":44},"end":{"line":18,"column":1}},"line":11},"2":{"name":"(anonymous_2)","decl":{"start":{"line":11,"column":44},"end":{"line":11,"column":45}},"loc":{"start":{"line":11,"column":63},"end":{"line":18,"column":1}},"line":11},"3":{"name":"(anonymous_3)","decl":{"start":{"line":20,"column":29},"end":{"line":20,"column":30}},"loc":{"start":{"line":20,"column":35},"end":{"line":23,"column":1}},"line":20},"4":{"name":"(anonymous_4)","decl":{"start":{"line":20,"column":35},"end":{"line":20,"column":36}},"loc":{"start":{"line":20,"column":53},"end":{"line":23,"column":1}},"line":20}},"branchMap":{"0":{"loc":{"start":{"line":15,"column":2},"end":{"line":17,"column":3}},"type":"if","locations":[{"start":{"line":15,"column":2},"end":{"line":17,"column":3}},{"start":{"line":15,"column":2},"end":{"line":17,"column":3}}],"line":15}},"s":{"0":1,"1":2,"2":1,"3":1,"4":1,"5":1,"6":1,"7":1,"8":1,"9":2,"10":1,"11":1},"f":{"0":2,"1":1,"2":1,"3":2,"4":1},"b":{"0":[1,0]},"_coverageSchema":"43e27e138ebf9cfc5966b082cf9a028302ed4184","hash":"64cee165858b0a14364fbe5372788582c1b14c21"}
,"/media/amanda/Linux2/ProjetosF4/amanda_rangel/semana10/aula3/Planner/src/api/constants.js": {"path":"/media/amanda/Linux2/ProjetosF4/amanda_rangel/semana10/aula3/Planner/src/api/constants.js","statementMap":{"0":{"start":{"line":2,"column":2},"end":{"line":2,"column":79}}},"fnMap":{},"branchMap":{},"s":{"0":1},"f":{},"b":{},"_coverageSchema":"43e27e138ebf9cfc5966b082cf9a028302ed4184","hash":"8739e117049434450978c8f96147067ebb11b84a"}
,"/media/amanda/Linux2/ProjetosF4/amanda_rangel/semana10/aula3/Planner/src/containers/App/index.js": {"path":"/media/amanda/Linux2/ProjetosF4/amanda_rangel/semana10/aula3/Planner/src/containers/App/index.js","statementMap":{"0":{"start":{"line":11,"column":20},"end":{"line":16,"column":1}},"1":{"start":{"line":15,"column":11},"end":{"line":15,"column":12}},"2":{"start":{"line":18,"column":14},"end":{"line":18,"column":63}},"3":{"start":{"line":20,"column":19},"end":{"line":27,"column":1}},"4":{"start":{"line":21,"column":2},"end":{"line":26,"column":13}}},"fnMap":{"0":{"name":"(anonymous_0)","decl":{"start":{"line":15,"column":6},"end":{"line":15,"column":7}},"loc":{"start":{"line":15,"column":11},"end":{"line":15,"column":12}},"line":15},"1":{"name":"(anonymous_1)","decl":{"start":{"line":20,"column":19},"end":{"line":20,"column":20}},"loc":{"start":{"line":21,"column":2},"end":{"line":26,"column":13}},"line":21}},"branchMap":{"0":{"loc":{"start":{"line":13,"column":2},"end":{"line":15,"column":12}},"type":"cond-expr","locations":[{"start":{"line":14,"column":6},"end":{"line":14,"column":43}},{"start":{"line":15,"column":6},"end":{"line":15,"column":12}}],"line":13}},"s":{"0":0,"1":0,"2":0,"3":0,"4":0},"f":{"0":0,"1":0},"b":{"0":[0,0]},"hash":"2889c01ae089d21a4c45a4b901a2459ca4fcc076"}
,"/media/amanda/Linux2/ProjetosF4/amanda_rangel/semana10/aula3/Planner/src/containers/Planner/index.js": {"path":"/media/amanda/Linux2/ProjetosF4/amanda_rangel/semana10/aula3/Planner/src/containers/Planner/index.js","statementMap":{"0":{"start":{"line":10,"column":18},"end":{"line":12,"column":1}},"1":{"start":{"line":14,"column":19},"end":{"line":20,"column":1}},"2":{"start":{"line":22,"column":21},"end":{"line":27,"column":1}},"3":{"start":{"line":29,"column":14},"end":{"line":34,"column":1}},"4":{"start":{"line":35,"column":17},"end":{"line":41,"column":1}},"5":{"start":{"line":46,"column":4},"end":{"line":46,"column":17}},"6":{"start":{"line":47,"column":4},"end":{"line":50,"column":5}},"7":{"start":{"line":53,"column":4},"end":{"line":53,"column":31}},"8":{"start":{"line":56,"column":17},"end":{"line":58,"column":3}},"9":{"start":{"line":57,"column":3},"end":{"line":57,"column":26}},"10":{"start":{"line":60,"column":19},"end":{"line":62,"column":3}},"11":{"start":{"line":61,"column":4},"end":{"line":61,"column":26}},"12":{"start":{"line":64,"column":14},"end":{"line":69,"column":3}},"13":{"start":{"line":65,"column":4},"end":{"line":68,"column":7}},"14":{"start":{"line":71,"column":15},"end":{"line":75,"column":3}},"15":{"start":{"line":72,"column":24},"end":{"line":72,"column":34}},"16":{"start":{"line":73,"column":4},"end":{"line":73,"column":40}},"17":{"start":{"line":74,"column":4},"end":{"line":74,"column":21}},"18":{"start":{"line":80,"column":22},"end":{"line":80,"column":32}},"19":{"start":{"line":82,"column":25},"end":{"line":83,"column":57}},"20":{"start":{"line":83,"column":6},"end":{"line":83,"column":56}},"21":{"start":{"line":84,"column":26},"end":{"line":85,"column":55}},"22":{"start":{"line":85,"column":6},"end":{"line":85,"column":54}},"23":{"start":{"line":86,"column":28},"end":{"line":87,"column":56}},"24":{"start":{"line":87,"column":6},"end":{"line":87,"column":55}},"25":{"start":{"line":88,"column":27},"end":{"line":89,"column":56}},"26":{"start":{"line":89,"column":6},"end":{"line":89,"column":55}},"27":{"start":{"line":90,"column":25},"end":{"line":91,"column":55}},"28":{"start":{"line":91,"column":6},"end":{"line":91,"column":54}},"29":{"start":{"line":92,"column":27},"end":{"line":93,"column":56}},"30":{"start":{"line":93,"column":6},"end":{"line":93,"column":55}},"31":{"start":{"line":94,"column":25},"end":{"line":95,"column":57}},"32":{"start":{"line":95,"column":6},"end":{"line":95,"column":56}},"33":{"start":{"line":96,"column":4},"end":{"line":159,"column":5}},"34":{"start":{"line":163,"column":24},"end":{"line":165,"column":2}},"35":{"start":{"line":163,"column":34},"end":{"line":165,"column":1}},"36":{"start":{"line":167,"column":27},"end":{"line":170,"column":4}},"37":{"start":{"line":167,"column":40},"end":{"line":170,"column":3}},"38":{"start":{"line":168,"column":25},"end":{"line":168,"column":50}},"39":{"start":{"line":169,"column":34},"end":{"line":169,"column":68}}},"fnMap":{"0":{"name":"(anonymous_0)","decl":{"start":{"line":45,"column":2},"end":{"line":45,"column":3}},"loc":{"start":{"line":45,"column":21},"end":{"line":51,"column":3}},"line":45},"1":{"name":"(anonymous_1)","decl":{"start":{"line":52,"column":2},"end":{"line":52,"column":3}},"loc":{"start":{"line":52,"column":22},"end":{"line":54,"column":3}},"line":52},"2":{"name":"(anonymous_2)","decl":{"start":{"line":56,"column":17},"end":{"line":56,"column":18}},"loc":{"start":{"line":56,"column":25},"end":{"line":58,"column":3}},"line":56},"3":{"name":"(anonymous_3)","decl":{"start":{"line":60,"column":19},"end":{"line":60,"column":20}},"loc":{"start":{"line":60,"column":26},"end":{"line":62,"column":3}},"line":60},"4":{"name":"(anonymous_4)","decl":{"start":{"line":64,"column":14},"end":{"line":64,"column":15}},"loc":{"start":{"line":64,"column":20},"end":{"line":69,"column":3}},"line":64},"5":{"name":"(anonymous_5)","decl":{"start":{"line":71,"column":15},"end":{"line":71,"column":16}},"loc":{"start":{"line":71,"column":21},"end":{"line":75,"column":3}},"line":71},"6":{"name":"(anonymous_6)","decl":{"start":{"line":79,"column":2},"end":{"line":79,"column":3}},"loc":{"start":{"line":79,"column":11},"end":{"line":160,"column":3}},"line":79},"7":{"name":"(anonymous_7)","decl":{"start":{"line":82,"column":35},"end":{"line":82,"column":36}},"loc":{"start":{"line":83,"column":6},"end":{"line":83,"column":56}},"line":83},"8":{"name":"(anonymous_8)","decl":{"start":{"line":84,"column":36},"end":{"line":84,"column":37}},"loc":{"start":{"line":85,"column":6},"end":{"line":85,"column":54}},"line":85},"9":{"name":"(anonymous_9)","decl":{"start":{"line":86,"column":38},"end":{"line":86,"column":39}},"loc":{"start":{"line":87,"column":6},"end":{"line":87,"column":55}},"line":87},"10":{"name":"(anonymous_10)","decl":{"start":{"line":88,"column":37},"end":{"line":88,"column":38}},"loc":{"start":{"line":89,"column":6},"end":{"line":89,"column":55}},"line":89},"11":{"name":"(anonymous_11)","decl":{"start":{"line":90,"column":35},"end":{"line":90,"column":36}},"loc":{"start":{"line":91,"column":6},"end":{"line":91,"column":54}},"line":91},"12":{"name":"(anonymous_12)","decl":{"start":{"line":92,"column":37},"end":{"line":92,"column":38}},"loc":{"start":{"line":93,"column":6},"end":{"line":93,"column":55}},"line":93},"13":{"name":"(anonymous_13)","decl":{"start":{"line":94,"column":35},"end":{"line":94,"column":36}},"loc":{"start":{"line":95,"column":6},"end":{"line":95,"column":56}},"line":95},"14":{"name":"(anonymous_14)","decl":{"start":{"line":163,"column":24},"end":{"line":163,"column":25}},"loc":{"start":{"line":163,"column":34},"end":{"line":165,"column":1}},"line":163},"15":{"name":"(anonymous_15)","decl":{"start":{"line":167,"column":27},"end":{"line":167,"column":28}},"loc":{"start":{"line":167,"column":40},"end":{"line":170,"column":3}},"line":167},"16":{"name":"(anonymous_16)","decl":{"start":{"line":168,"column":19},"end":{"line":168,"column":20}},"loc":{"start":{"line":168,"column":25},"end":{"line":168,"column":50}},"line":168},"17":{"name":"(anonymous_17)","decl":{"start":{"line":169,"column":19},"end":{"line":169,"column":20}},"loc":{"start":{"line":169,"column":34},"end":{"line":169,"column":68}},"line":169}},"branchMap":{"0":{"loc":{"start":{"line":83,"column":6},"end":{"line":83,"column":56}},"type":"cond-expr","locations":[{"start":{"line":83,"column":31},"end":{"line":83,"column":51}},{"start":{"line":83,"column":54},"end":{"line":83,"column":56}}],"line":83},"1":{"loc":{"start":{"line":85,"column":6},"end":{"line":85,"column":54}},"type":"cond-expr","locations":[{"start":{"line":85,"column":29},"end":{"line":85,"column":49}},{"start":{"line":85,"column":52},"end":{"line":85,"column":54}}],"line":85},"2":{"loc":{"start":{"line":87,"column":6},"end":{"line":87,"column":55}},"type":"cond-expr","locations":[{"start":{"line":87,"column":30},"end":{"line":87,"column":50}},{"start":{"line":87,"column":53},"end":{"line":87,"column":55}}],"line":87},"3":{"loc":{"start":{"line":89,"column":6},"end":{"line":89,"column":55}},"type":"cond-expr","locations":[{"start":{"line":89,"column":30},"end":{"line":89,"column":50}},{"start":{"line":89,"column":53},"end":{"line":89,"column":55}}],"line":89},"4":{"loc":{"start":{"line":91,"column":6},"end":{"line":91,"column":54}},"type":"cond-expr","locations":[{"start":{"line":91,"column":29},"end":{"line":91,"column":49}},{"start":{"line":91,"column":52},"end":{"line":91,"column":54}}],"line":91},"5":{"loc":{"start":{"line":93,"column":6},"end":{"line":93,"column":55}},"type":"cond-expr","locations":[{"start":{"line":93,"column":30},"end":{"line":93,"column":50}},{"start":{"line":93,"column":53},"end":{"line":93,"column":55}}],"line":93},"6":{"loc":{"start":{"line":95,"column":6},"end":{"line":95,"column":56}},"type":"cond-expr","locations":[{"start":{"line":95,"column":31},"end":{"line":95,"column":51}},{"start":{"line":95,"column":54},"end":{"line":95,"column":56}}],"line":95}},"s":{"0":0,"1":0,"2":0,"3":0,"4":0,"5":0,"6":0,"7":0,"8":0,"9":0,"10":0,"11":0,"12":0,"13":0,"14":0,"15":0,"16":0,"17":0,"18":0,"19":0,"20":0,"21":0,"22":0,"23":0,"24":0,"25":0,"26":0,"27":0,"28":0,"29":0,"30":0,"31":0,"32":0,"33":0,"34":0,"35":0,"36":0,"37":0,"38":0,"39":0},"f":{"0":0,"1":0,"2":0,"3":0,"4":0,"5":0,"6":0,"7":0,"8":0,"9":0,"10":0,"11":0,"12":0,"13":0,"14":0,"15":0,"16":0,"17":0},"b":{"0":[0,0],"1":[0,0],"2":[0,0],"3":[0,0],"4":[0,0],"5":[0,0],"6":[0,0]},"hash":"62f1c54055c855548bc6c9d9a7607d0e84095275"}
,"/media/amanda/Linux2/ProjetosF4/amanda_rangel/semana10/aula3/Planner/src/reducers/index.js": {"path":"/media/amanda/Linux2/ProjetosF4/amanda_rangel/semana10/aula3/Planner/src/reducers/index.js","statementMap":{"0":{"start":{"line":4,"column":27},"end":{"line":6,"column":2}}},"fnMap":{},"branchMap":{},"s":{"0":0},"f":{},"b":{},"hash":"e6f5d47a6a8b0e2d86844780c0caa318cb18d00a"}
,"/media/amanda/Linux2/ProjetosF4/amanda_rangel/semana10/aula3/Planner/src/reducers/tasks.js": {"path":"/media/amanda/Linux2/ProjetosF4/amanda_rangel/semana10/aula3/Planner/src/reducers/tasks.js","statementMap":{"0":{"start":{"line":1,"column":20},"end":{"line":3,"column":1}},"1":{"start":{"line":5,"column":21},"end":{"line":12,"column":1}},"2":{"start":{"line":6,"column":2},"end":{"line":11,"column":3}},"3":{"start":{"line":8,"column":6},"end":{"line":8,"column":55}},"4":{"start":{"line":10,"column":6},"end":{"line":10,"column":19}}},"fnMap":{"0":{"name":"(anonymous_0)","decl":{"start":{"line":5,"column":21},"end":{"line":5,"column":22}},"loc":{"start":{"line":5,"column":54},"end":{"line":12,"column":1}},"line":5}},"branchMap":{"0":{"loc":{"start":{"line":5,"column":22},"end":{"line":5,"column":41}},"type":"default-arg","locations":[{"start":{"line":5,"column":30},"end":{"line":5,"column":41}}],"line":5},"1":{"loc":{"start":{"line":6,"column":2},"end":{"line":11,"column":3}},"type":"switch","locations":[{"start":{"line":7,"column":4},"end":{"line":8,"column":55}},{"start":{"line":9,"column":4},"end":{"line":10,"column":19}}],"line":6}},"s":{"0":1,"1":1,"2":1,"3":1,"4":0},"f":{"0":1},"b":{"0":[1],"1":[1,0]},"_coverageSchema":"43e27e138ebf9cfc5966b082cf9a028302ed4184","hash":"17bfb875d5647d8a65f7b8962eb73e935deb3cee"}
,"/media/amanda/Linux2/ProjetosF4/amanda_rangel/semana10/aula3/Planner/src/style/theme.js": {"path":"/media/amanda/Linux2/ProjetosF4/amanda_rangel/semana10/aula3/Planner/src/style/theme.js","statementMap":{},"fnMap":{},"branchMap":{},"s":{},"f":{},"b":{},"hash":"f8d670a0c07c6325753e0ac8d307d395ae945da5"}
}
