TN:
SF:/media/amanda/Linux2/ProjetosF4/amanda_rangel/semana10/aula3/Planner/src/index.js
FNF:0
FNH:0
DA:5,0
DA:6,0
LF:2
LH:0
BRF:0
BRH:0
end_of_record
TN:
SF:/media/amanda/Linux2/ProjetosF4/amanda_rangel/semana10/aula3/Planner/src/Components/WeekDayPicker.js
FN:35,(anonymous_0)
FNF:1
FNH:0
FNDA:0,(anonymous_0)
DA:4,0
DA:35,0
DA:36,0
LF:3
LH:0
BRF:0
BRH:0
end_of_record
TN:
SF:/media/amanda/Linux2/ProjetosF4/amanda_rangel/semana10/aula3/Planner/src/actions/tasks/index.js
FN:4,(anonymous_0)
FN:11,(anonymous_1)
FN:11,(anonymous_2)
FN:20,(anonymous_3)
FN:20,(anonymous_4)
FNF:5
FNH:5
FNDA:2,(anonymous_0)
FNDA:1,(anonymous_1)
FNDA:1,(anonymous_2)
FNDA:2,(anonymous_3)
FNDA:1,(anonymous_4)
DA:4,2
DA:11,1
DA:12,1
DA:13,1
DA:15,1
DA:16,1
DA:20,2
DA:21,1
DA:22,1
LF:9
LH:9
BRDA:15,0,0,1
BRDA:15,0,1,0
BRF:2
BRH:1
end_of_record
TN:
SF:/media/amanda/Linux2/ProjetosF4/amanda_rangel/semana10/aula3/Planner/src/api/constants.js
FNF:0
FNH:0
DA:2,1
LF:1
LH:1
BRF:0
BRH:0
end_of_record
TN:
SF:/media/amanda/Linux2/ProjetosF4/amanda_rangel/semana10/aula3/Planner/src/containers/App/index.js
FN:15,(anonymous_0)
FN:20,(anonymous_1)
FNF:2
FNH:0
FNDA:0,(anonymous_0)
FNDA:0,(anonymous_1)
DA:11,0
DA:15,0
DA:18,0
DA:20,0
DA:21,0
LF:5
LH:0
BRDA:13,0,0,0
BRDA:13,0,1,0
BRF:2
BRH:0
end_of_record
TN:
SF:/media/amanda/Linux2/ProjetosF4/amanda_rangel/semana10/aula3/Planner/src/containers/Planner/index.js
FN:45,(anonymous_0)
FN:52,(anonymous_1)
FN:56,(anonymous_2)
FN:60,(anonymous_3)
FN:64,(anonymous_4)
FN:71,(anonymous_5)
FN:79,(anonymous_6)
FN:82,(anonymous_7)
FN:84,(anonymous_8)
FN:86,(anonymous_9)
FN:88,(anonymous_10)
FN:90,(anonymous_11)
FN:92,(anonymous_12)
FN:94,(anonymous_13)
FN:163,(anonymous_14)
FN:167,(anonymous_15)
FN:168,(anonymous_16)
FN:169,(anonymous_17)
FNF:18
FNH:0
FNDA:0,(anonymous_0)
FNDA:0,(anonymous_1)
FNDA:0,(anonymous_2)
FNDA:0,(anonymous_3)
FNDA:0,(anonymous_4)
FNDA:0,(anonymous_5)
FNDA:0,(anonymous_6)
FNDA:0,(anonymous_7)
FNDA:0,(anonymous_8)
FNDA:0,(anonymous_9)
FNDA:0,(anonymous_10)
FNDA:0,(anonymous_11)
FNDA:0,(anonymous_12)
FNDA:0,(anonymous_13)
FNDA:0,(anonymous_14)
FNDA:0,(anonymous_15)
FNDA:0,(anonymous_16)
FNDA:0,(anonymous_17)
DA:10,0
DA:14,0
DA:22,0
DA:29,0
DA:35,0
DA:46,0
DA:47,0
DA:53,0
DA:56,0
DA:57,0
DA:60,0
DA:61,0
DA:64,0
DA:65,0
DA:71,0
DA:72,0
DA:73,0
DA:74,0
DA:80,0
DA:82,0
DA:83,0
DA:84,0
DA:85,0
DA:86,0
DA:87,0
DA:88,0
DA:89,0
DA:90,0
DA:91,0
DA:92,0
DA:93,0
DA:94,0
DA:95,0
DA:96,0
DA:163,0
DA:167,0
DA:168,0
DA:169,0
LF:38
LH:0
BRDA:83,0,0,0
BRDA:83,0,1,0
BRDA:85,1,0,0
BRDA:85,1,1,0
BRDA:87,2,0,0
BRDA:87,2,1,0
BRDA:89,3,0,0
BRDA:89,3,1,0
BRDA:91,4,0,0
BRDA:91,4,1,0
BRDA:93,5,0,0
BRDA:93,5,1,0
BRDA:95,6,0,0
BRDA:95,6,1,0
BRF:14
BRH:0
end_of_record
TN:
SF:/media/amanda/Linux2/ProjetosF4/amanda_rangel/semana10/aula3/Planner/src/reducers/index.js
FNF:0
FNH:0
DA:4,0
LF:1
LH:0
BRF:0
BRH:0
end_of_record
TN:
SF:/media/amanda/Linux2/ProjetosF4/amanda_rangel/semana10/aula3/Planner/src/reducers/tasks.js
FN:5,(anonymous_0)
FNF:1
FNH:1
FNDA:1,(anonymous_0)
DA:1,1
DA:5,1
DA:6,1
DA:8,1
DA:10,0
LF:5
LH:4
BRDA:5,0,0,1
BRDA:6,1,0,1
BRDA:6,1,1,0
BRF:3
BRH:2
end_of_record
TN:
SF:/media/amanda/Linux2/ProjetosF4/amanda_rangel/semana10/aula3/Planner/src/style/theme.js
FNF:0
FNH:0
LF:0
LH:0
BRF:0
BRH:0
end_of_record
